<?xml version="1.0" encoding="UTF-8"?>
<testsuite xmlns:xsi="http://www.w3.org/2001/XMLSchema-instance" xsi:noNamespaceSchemaLocation="https://maven.apache.org/surefire/maven-surefire-plugin/xsd/surefire-test-report.xsd" name="fr.ut2j.m1ice.ci.tpmaven1.AppTest" time="0.004" tests="1" errors="0" skipped="0" failures="0">
  <properties>
    <property name="sun.desktop" value="windows"/>
    <property name="awt.toolkit" value="sun.awt.windows.WToolkit"/>
    <property name="file.encoding.pkg" value="sun.io"/>
    <property name="java.specification.version" value="1.8"/>
    <property name="sun.cpu.isalist" value="amd64"/>
    <property name="sun.jnu.encoding" value="Cp1252"/>
    <property name="java.class.path" value="C:\Users\Vincent\workspace\tpmaven1\target\test-classes;C:\Users\Vincent\workspace\tpmaven1\target\classes;C:\tmp\mavenrepository\junit\junit\3.8.1\junit-3.8.1.jar;C:\tmp\mavenrepository\org\swinglabs\swingx\1.6.1\swingx-1.6.1.jar;C:\tmp\mavenrepository\com\jhlabs\filters\2.0.235\filters-2.0.235.jar;C:\tmp\mavenrepository\org\swinglabs\swing-worker\1.1\swing-worker-1.1.jar;"/>
    <property name="java.vm.vendor" value="Oracle Corporation"/>
    <property name="sun.arch.data.model" value="64"/>
    <property name="user.variant" value=""/>
    <property name="java.vendor.url" value="http://java.oracle.com/"/>
    <property name="user.timezone" value=""/>
    <property name="java.vm.specification.version" value="1.8"/>
    <property name="os.name" value="Windows 10"/>
    <property name="user.country" value="FR"/>
    <property name="sun.java.launcher" value="SUN_STANDARD"/>
    <property name="sun.boot.library.path" value="C:\Program Files\Java\jdk1.8.0_101\jre\bin"/>
    <property name="sun.java.command" value="C:\Users\Vincent\AppData\Local\Temp\surefire8340191817003122060\surefirebooter135336894559983013.jar C:\Users\Vincent\AppData\Local\Temp\surefire8340191817003122060 2017-10-09T11-43-33_748-jvmRun1 surefire3559258591618216416tmp surefire_06885162350321583955tmp"/>
    <property name="surefire.test.class.path" value="C:\Users\Vincent\workspace\tpmaven1\target\test-classes;C:\Users\Vincent\workspace\tpmaven1\target\classes;C:\tmp\mavenrepository\junit\junit\3.8.1\junit-3.8.1.jar;C:\tmp\mavenrepository\org\swinglabs\swingx\1.6.1\swingx-1.6.1.jar;C:\tmp\mavenrepository\com\jhlabs\filters\2.0.235\filters-2.0.235.jar;C:\tmp\mavenrepository\org\swinglabs\swing-worker\1.1\swing-worker-1.1.jar;"/>
    <property name="sun.cpu.endian" value="little"/>
    <property name="user.home" value="C:\Users\Vincent"/>
    <property name="user.language" value="fr"/>
    <property name="java.specification.vendor" value="Oracle Corporation"/>
    <property name="java.home" value="C:\Program Files\Java\jdk1.8.0_101\jre"/>
    <property name="basedir" value="C:\Users\Vincent\workspace\tpmaven1"/>
    <property name="file.separator" value="\"/>
    <property name="line.separator" value="&#10;"/>
    <property name="java.vm.specification.vendor" value="Oracle Corporation"/>
    <property name="java.specification.name" value="Java Platform API Specification"/>
    <property name="java.awt.graphicsenv" value="sun.awt.Win32GraphicsEnvironment"/>
    <property name="surefire.real.class.path" value="C:\Users\Vincent\AppData\Local\Temp\surefire8340191817003122060\surefirebooter135336894559983013.jar"/>
    <property name="sun.boot.class.path" value="C:\Program Files\Java\jdk1.8.0_101\jre\lib\resources.jar;C:\Program Files\Java\jdk1.8.0_101\jre\lib\rt.jar;C:\Program Files\Java\jdk1.8.0_101\jre\lib\sunrsasign.jar;C:\Program Files\Java\jdk1.8.0_101\jre\lib\jsse.jar;C:\Program Files\Java\jdk1.8.0_101\jre\lib\jce.jar;C:\Program Files\Java\jdk1.8.0_101\jre\lib\charsets.jar;C:\Program Files\Java\jdk1.8.0_101\jre\lib\jfr.jar;C:\Program Files\Java\jdk1.8.0_101\jre\classes"/>
    <property name="user.script" value=""/>
    <property name="sun.management.compiler" value="HotSpot 64-Bit Tiered Compilers"/>
    <property name="java.runtime.version" value="1.8.0_101-b13"/>
    <property name="user.name" value="Vincent"/>
    <property name="path.separator" value=";"/>
    <property name="os.version" value="10.0"/>
    <property name="java.endorsed.dirs" value="C:\Program Files\Java\jdk1.8.0_101\jre\lib\endorsed"/>
    <property name="java.runtime.name" value="Java(TM) SE Runtime Environment"/>
    <property name="file.encoding" value="Cp1252"/>
    <property name="java.vm.name" value="Java HotSpot(TM) 64-Bit Server VM"/>
    <property name="localRepository" value="C:\tmp\mavenrepository"/>
    <property name="java.vendor.url.bug" value="http://bugreport.sun.com/bugreport/"/>
    <property name="java.io.tmpdir" value="C:\Users\Vincent\AppData\Local\Temp\"/>
    <property name="java.version" value="1.8.0_101"/>
    <property name="user.dir" value="C:\Users\Vincent\workspace\tpmaven1"/>
    <property name="os.arch" value="amd64"/>
    <property name="java.vm.specification.name" value="Java Virtual Machine Specification"/>
    <property name="java.awt.printerjob" value="sun.awt.windows.WPrinterJob"/>
    <property name="sun.os.patch.level" value=""/>
    <property name="java.library.path" value="C:\Program Files\Java\jdk1.8.0_101\jre\bin;C:\WINDOWS\Sun\Java\bin;C:\WINDOWS\system32;C:\WINDOWS;C:\Program Files (x86)\Haskell\bin;C:\Program Files (x86)\Haskell Platform\8.0.1\lib\extralibs\bin;C:\Program Files (x86)\Haskell Platform\8.0.1\bin;C:\Program Files\Java\jdk1.8.0_101\bin;C:\Program Files (x86)\Intel\iCLS Client\;C:\Program Files\Intel\iCLS Client\;C:\Windows\system32;C:\Windows;C:\Windows\System32\Wbem;C:\Windows\System32\WindowsPowerShell\v1.0\;C:\Program Files (x86)\NVIDIA Corporation\PhysX\Common;C:\Program Files (x86)\Intel\Intel(R) Management Engine Components\DAL;C:\Program Files\Intel\Intel(R) Management Engine Components\DAL;C:\Program Files (x86)\Intel\Intel(R) Management Engine Components\IPT;C:\Program Files\Intel\Intel(R) Management Engine Components\IPT;C:\Program Files\Intel\WiFi\bin\;C:\Program Files\Common Files\Intel\WirelessCommon\;C:\Program Files\nodejs\;C:\WINDOWS\system32;C:\WINDOWS;C:\WINDOWS\System32\Wbem;C:\WINDOWS\System32\WindowsPowerShell\v1.0\;C:\Program Files (x86)\scala\bin;C:\Users\Vincent\AppData\Local\Programs\Python\Python35;C:\Program Files\Anaconda3;C:\Program Files\Anaconda3\Scripts;C:\Program Files\Anaconda3\Library\bin;C:\Windows\Microsoft.NET\Framework64\v4.0.30319;C:\Users\Vincent\.dnx\bin;C:\Program Files\Microsoft DNX\Dnvm\;C:\Program Files\Microsoft SQL Server\130\Tools\Binn\;C:\Program Files\TortoiseSVN\bin;C:\Program Files (x86)\Microsoft Visual Studio 14.0\;C:\Program Files (x86)\Microsoft SQL Server\110\DTS\Binn\;C:\Program Files (x86)\Microsoft SQL Server\120\DTS\Binn\;C:\Program Files (x86)\Microsoft SQL Server\130\DTS\Binn\;C:\Program Files (x86)\Microsoft Visual Studio 14.0\VC\bin\amd64;C:\Program Files (x86)\MSBuild\Microsoft\VisualStudio\v15.0\TypeScript;C:\Program Files (x86)\mysqlclient-1.3.9;C:\Program Files (x86)\Haskell Platform\8.0.1\mingw\bin;C:\Program Files\Git\cmd;C:\Program Files\TortoiseGit\bin;C:\Program Files (x86)\Windows Kits\10\Windows Performance Toolkit\;C:\Program Files (x86)\Skype\Phone\;C:\Program Files (x86)\GtkSharp\2.12\bin;C:\Program Files (x86)\apache-maven-3.5.0\bin;C:\Ruby24-x64\bin;C:\Users\Vincent\AppData\Roaming\cabal\bin;C:\Users\Vincent\AppData\Roaming\local\bin;C:\Users\Vincent\AppData\Roaming\npm;C:\Users\Vincent\AppData\Local\Microsoft\WindowsApps;C:\Users\Vincent\AppData\Local\Programs\Python\Python35;C:\Program Files\apache-maven-3.5.0\bin;;."/>
    <property name="java.vm.info" value="mixed mode"/>
    <property name="java.vendor" value="Oracle Corporation"/>
    <property name="java.vm.version" value="25.101-b13"/>
    <property name="java.ext.dirs" value="C:\Program Files\Java\jdk1.8.0_101\jre\lib\ext;C:\WINDOWS\Sun\Java\lib\ext"/>
    <property name="sun.io.unicode.encoding" value="UnicodeLittle"/>
    <property name="java.class.version" value="52.0"/>
  </properties>
  <testcase name="testApp" classname="fr.ut2j.m1ice.ci.tpmaven1.AppTest" time="0.001"/>
</testsuite>